<?xml version="1.0" encoding="UTF-8"?><testrun name="SystemTest" project="Edbikes" tests="8" started="8" failures="1" errors="0" ignored="0">
  <testsuite name="bikescheme.SystemTest" time="0.153">
    <testcase name="registerUser" classname="bikescheme.SystemTest" time="0.01"/>
    <testcase name="testEventListEqual" classname="bikescheme.SystemTest" time="0.005"/>
    <testcase name="testAddBike" classname="bikescheme.SystemTest" time="0.025"/>
    <testcase name="testEventEquals" classname="bikescheme.SystemTest" time="0.002"/>
    <testcase name="testViewActivity" classname="bikescheme.SystemTest" time="0.073">
      <failure>java.lang.AssertionError: Expected and actual output events differ
	at org.junit.Assert.fail(Assert.java:88)
	at org.junit.Assert.assertTrue(Assert.java:41)
	at bikescheme.SystemTest.checkTestResults(SystemTest.java:519)
	at bikescheme.SystemTest.runAndCheck(SystemTest.java:464)
	at sun.reflect.NativeMethodAccessorImpl.invoke0(Native Method)
	at sun.reflect.NativeMethodAccessorImpl.invoke(NativeMethodAccessorImpl.java:62)
	at sun.reflect.DelegatingMethodAccessorImpl.invoke(DelegatingMethodAccessorImpl.java:43)
	at java.lang.reflect.Method.invoke(Method.java:497)
	at org.junit.runners.model.FrameworkMethod$1.runReflectiveCall(FrameworkMethod.java:50)
	at org.junit.internal.runners.model.ReflectiveCallable.run(ReflectiveCallable.java:12)
	at org.junit.runners.model.FrameworkMethod.invokeExplosively(FrameworkMethod.java:47)
	at org.junit.internal.runners.statements.RunAfters.evaluate(RunAfters.java:33)
	at org.junit.runners.ParentRunner.runLeaf(ParentRunner.java:325)
	at org.junit.runners.BlockJUnit4ClassRunner.runChild(BlockJUnit4ClassRunner.java:78)
	at org.junit.runners.BlockJUnit4ClassRunner.runChild(BlockJUnit4ClassRunner.java:57)
	at org.junit.runners.ParentRunner$3.run(ParentRunner.java:290)
	at org.junit.runners.ParentRunner$1.schedule(ParentRunner.java:71)
	at org.junit.runners.ParentRunner.runChildren(ParentRunner.java:288)
	at org.junit.runners.ParentRunner.access$000(ParentRunner.java:58)
	at org.junit.runners.ParentRunner$2.evaluate(ParentRunner.java:268)
	at org.junit.internal.runners.statements.RunBefores.evaluate(RunBefores.java:26)
	at org.junit.runners.ParentRunner.run(ParentRunner.java:363)
	at org.eclipse.jdt.internal.junit4.runner.JUnit4TestReference.run(JUnit4TestReference.java:86)
	at org.eclipse.jdt.internal.junit.runner.TestExecution.run(TestExecution.java:38)
	at org.eclipse.jdt.internal.junit.runner.RemoteTestRunner.runTests(RemoteTestRunner.java:459)
	at org.eclipse.jdt.internal.junit.runner.RemoteTestRunner.runTests(RemoteTestRunner.java:675)
	at org.eclipse.jdt.internal.junit.runner.RemoteTestRunner.run(RemoteTestRunner.java:382)
	at org.eclipse.jdt.internal.junit.runner.RemoteTestRunner.main(RemoteTestRunner.java:192)

</failure>
    </testcase>
    <testcase name="testHireBike" classname="bikescheme.SystemTest" time="0.015"/>
    <testcase name="showHighLowOccupancy" classname="bikescheme.SystemTest" time="0.013"/>
    <testcase name="testReturnBike" classname="bikescheme.SystemTest" time="0.01"/>
  </testsuite>
</testrun>
